2020-02-26T12:58:49.701Z
anxiety: 5
arrhythmias: 3
blindness: 1
blurred vision: 5
constricted pupils: 3
cough: 6
dialated pupils: 4
dizziness: 5
dry mouth: 8
fever: 7
headache: 3
high blood pressure: 10
inflamation: 7
insomnia: 4
low blood pressure: 4
nausea: 5
rapid heart rate: 1
rash: 4
shortness of breath: 3
stiff neck: 4
stomach pain: 3
tremor: 4
water retention: 1

2020-02-28T12:13:28.541Z
anxiety: 5
arrhythmias: 3
blindness: 1
blurred vision: 5
constricted pupils: 3
cough: 6
dialated pupils: 4
dizziness: 5
dry mouth: 8
fever: 7
headache: 3
high blood pressure: 10
inflamation: 7
insomnia: 4
low blood pressure: 4
nausea: 5
rapid heart rate: 1
rash: 4
shortness of breath: 3
stiff neck: 4
stomach pain: 3
tremor: 4
water retention: 1

2020-02-28T12:49:41.115Z
anxiety: 5
arrhythmias: 3
blindness: 1
blurred vision: 5
constricted pupils: 3
cough: 6
dialated pupils: 4
dizziness: 5
dry mouth: 8
fever: 7
headache: 3
high blood pressure: 10
inflamation: 7
insomnia: 4
low blood pressure: 4
nausea: 5
rapid heart rate: 1
rash: 4
shortness of breath: 3
stiff neck: 4
stomach pain: 3
tremor: 4
water retention: 1

2020-02-28T12:50:31.831Z
anxiety: 5
arrhythmias: 3
blindness: 1
blurred vision: 5
constricted pupils: 3
cough: 6
dialated pupils: 4
dizziness: 5
dry mouth: 8
fever: 7
headache: 3
high blood pressure: 10
inflamation: 7
insomnia: 4
low blood pressure: 4
nausea: 5
rapid heart rate: 1
rash: 4
shortness of breath: 3
stiff neck: 4
stomach pain: 3
tremor: 4
water retention: 1

2020-03-07T09:06:09.333Z
anxiety: 5
arrhythmias: 3
blindness: 1
blurred vision: 5
constricted pupils: 3
cough: 6
dialated pupils: 4
dizziness: 5
dry mouth: 8
fever: 7
headache: 3
high blood pressure: 10
inflamation: 7
insomnia: 4
low blood pressure: 4
nausea: 5
rapid heart rate: 1
rash: 4
shortness of breath: 3
stiff neck: 4
stomach pain: 3
tremor: 4
water retention: 1

